16:38:58:701  INFO 21256 --- [main] com.hmall.cart.CartApplication           : Starting CartApplication using Java 11.0.26 on DESKTOP-QAUI181 with PID 21256 (E:\java_study\hmall\cart-service\target\classes started by Administrator in E:\java_study\hmall)
16:38:58:703 DEBUG 21256 --- [main] com.hmall.cart.CartApplication           : Running with Spring Boot v2.7.12, Spring v5.3.27
16:38:58:704  INFO 21256 --- [main] com.hmall.cart.CartApplication           : The following 1 profile is active: "local"
16:39:00:025  INFO 21256 --- [main] o.s.b.w.embedded.tomcat.TomcatWebServer  : Tomcat initialized with port(s): 8082 (http)
16:39:00:026  INFO 21256 --- [main] o.a.catalina.core.AprLifecycleListener   : Loaded Apache Tomcat Native library [2.0.7] using APR version [1.7.4].
16:39:00:027  INFO 21256 --- [main] o.a.catalina.core.AprLifecycleListener   : APR capabilities: IPv6 [true], sendfile [true], accept filters [false], random [true], UDS [true].
16:39:00:027  INFO 21256 --- [main] o.a.catalina.core.AprLifecycleListener   : APR/OpenSSL configuration: useAprConnector [false], useOpenSSL [true]
16:39:00:032  INFO 21256 --- [main] o.a.catalina.core.AprLifecycleListener   : OpenSSL successfully initialized [OpenSSL 3.0.13 30 Jan 2024]
16:39:00:040  INFO 21256 --- [main] o.apache.catalina.core.StandardService   : Starting service [Tomcat]
16:39:00:041  INFO 21256 --- [main] org.apache.catalina.core.StandardEngine  : Starting Servlet engine: [Apache Tomcat/9.0.75]
16:39:00:126  INFO 21256 --- [main] o.a.c.c.C.[Tomcat].[localhost].[/]       : Initializing Spring embedded WebApplicationContext
16:39:00:127  INFO 21256 --- [main] w.s.c.ServletWebServerApplicationContext : Root WebApplicationContext: initialization completed in 1375 ms
16:39:01:263  INFO 21256 --- [main] pertySourcedRequestMappingHandlerMapping : Mapped URL path [/v2/api-docs] onto method [springfox.documentation.swagger2.web.Swagger2ControllerWebMvc#getDocumentation(String, HttpServletRequest)]
16:39:01:358  INFO 21256 --- [main] o.s.b.w.embedded.tomcat.TomcatWebServer  : Tomcat started on port(s): 8082 (http) with context path ''
16:39:01:359  INFO 21256 --- [main] d.s.w.p.DocumentationPluginsBootstrapper : Documentation plugins bootstrapped
16:39:01:363  INFO 21256 --- [main] d.s.w.p.DocumentationPluginsBootstrapper : Found 1 custom documentation plugin(s)
16:39:01:392  INFO 21256 --- [main] s.d.s.w.s.ApiListingReferenceScanner     : Scanning for api listing references
16:39:01:530  INFO 21256 --- [main] com.hmall.cart.CartApplication           : Started CartApplication in 3.425 seconds (JVM running for 4.661)
16:39:08:473  INFO 21256 --- [http-nio-8082-exec-1] o.a.c.c.C.[Tomcat].[localhost].[/]       : Initializing Spring DispatcherServlet 'dispatcherServlet'
16:39:08:474  INFO 21256 --- [http-nio-8082-exec-1] o.s.web.servlet.DispatcherServlet        : Initializing Servlet 'dispatcherServlet'
16:39:08:476  INFO 21256 --- [http-nio-8082-exec-1] o.s.web.servlet.DispatcherServlet        : Completed initialization in 2 ms
16:39:16:996  INFO 21256 --- [http-nio-8082-exec-5] com.zaxxer.hikari.HikariDataSource       : HikariPool-1 - Starting...
16:39:17:268  INFO 21256 --- [http-nio-8082-exec-5] com.zaxxer.hikari.HikariDataSource       : HikariPool-1 - Start completed.
16:39:17:278 DEBUG 21256 --- [http-nio-8082-exec-5] c.h.cart.mapper.CartMapper.selectList    : ==>  Preparing: SELECT id,user_id,item_id,num,name,spec,price,image,create_time,update_time FROM cart WHERE (user_id = ?)
16:39:17:300 DEBUG 21256 --- [http-nio-8082-exec-5] c.h.cart.mapper.CartMapper.selectList    : ==> Parameters: 1(Long)
16:39:17:323 DEBUG 21256 --- [http-nio-8082-exec-5] c.h.cart.mapper.CartMapper.selectList    : <==      Total: 1
