16:24:13:507  INFO 20152 --- [main] com.hmall.item.ItemApplication           : Starting ItemApplication using Java 11.0.26 on DESKTOP-QAUI181 with PID 20152 (E:\java_study\hmall\item-service\target\classes started by Administrator in E:\java_study\hmall)
16:24:13:510 DEBUG 20152 --- [main] com.hmall.item.ItemApplication           : Running with Spring Boot v2.7.12, Spring v5.3.27
16:24:13:511  INFO 20152 --- [main] com.hmall.item.ItemApplication           : The following 1 profile is active: "local"
16:24:14:894  INFO 20152 --- [main] o.s.b.w.embedded.tomcat.TomcatWebServer  : Tomcat initialized with port(s): 8081 (http)
16:24:14:896  INFO 20152 --- [main] o.a.catalina.core.AprLifecycleListener   : Loaded Apache Tomcat Native library [2.0.7] using APR version [1.7.4].
16:24:14:896  INFO 20152 --- [main] o.a.catalina.core.AprLifecycleListener   : APR capabilities: IPv6 [true], sendfile [true], accept filters [false], random [true], UDS [true].
16:24:14:897  INFO 20152 --- [main] o.a.catalina.core.AprLifecycleListener   : APR/OpenSSL configuration: useAprConnector [false], useOpenSSL [true]
16:24:14:902  INFO 20152 --- [main] o.a.catalina.core.AprLifecycleListener   : OpenSSL successfully initialized [OpenSSL 3.0.13 30 Jan 2024]
16:24:14:912  INFO 20152 --- [main] o.apache.catalina.core.StandardService   : Starting service [Tomcat]
16:24:14:912  INFO 20152 --- [main] org.apache.catalina.core.StandardEngine  : Starting Servlet engine: [Apache Tomcat/9.0.75]
16:24:15:015  INFO 20152 --- [main] o.a.c.c.C.[Tomcat].[localhost].[/]       : Initializing Spring embedded WebApplicationContext
16:24:15:015  INFO 20152 --- [main] w.s.c.ServletWebServerApplicationContext : Root WebApplicationContext: initialization completed in 1454 ms
16:24:16:226  INFO 20152 --- [main] pertySourcedRequestMappingHandlerMapping : Mapped URL path [/v2/api-docs] onto method [springfox.documentation.swagger2.web.Swagger2ControllerWebMvc#getDocumentation(String, HttpServletRequest)]
16:24:16:310  INFO 20152 --- [main] o.s.b.w.embedded.tomcat.TomcatWebServer  : Tomcat started on port(s): 8081 (http) with context path ''
16:24:16:312  INFO 20152 --- [main] d.s.w.p.DocumentationPluginsBootstrapper : Documentation plugins bootstrapped
16:24:16:314  INFO 20152 --- [main] d.s.w.p.DocumentationPluginsBootstrapper : Found 1 custom documentation plugin(s)
16:24:16:343  INFO 20152 --- [main] s.d.s.w.s.ApiListingReferenceScanner     : Scanning for api listing references
16:24:16:502  INFO 20152 --- [main] com.hmall.item.ItemApplication           : Started ItemApplication in 3.587 seconds (JVM running for 4.83)
16:24:41:954  INFO 20152 --- [http-nio-8081-exec-1] o.a.c.c.C.[Tomcat].[localhost].[/]       : Initializing Spring DispatcherServlet 'dispatcherServlet'
16:24:41:955  INFO 20152 --- [http-nio-8081-exec-1] o.s.web.servlet.DispatcherServlet        : Initializing Servlet 'dispatcherServlet'
16:24:41:956  INFO 20152 --- [http-nio-8081-exec-1] o.s.web.servlet.DispatcherServlet        : Completed initialization in 1 ms
16:24:51:172  INFO 20152 --- [http-nio-8081-exec-5] com.zaxxer.hikari.HikariDataSource       : HikariPool-1 - Starting...
16:24:51:539  INFO 20152 --- [http-nio-8081-exec-5] com.zaxxer.hikari.HikariDataSource       : HikariPool-1 - Start completed.
16:24:51:545 DEBUG 20152 --- [http-nio-8081-exec-5] c.h.i.m.ItemMapper.selectPage_mpCount    : ==>  Preparing: SELECT COUNT(*) AS total FROM item
16:24:51:567 DEBUG 20152 --- [http-nio-8081-exec-5] c.h.i.m.ItemMapper.selectPage_mpCount    : ==> Parameters: 
16:24:51:598 DEBUG 20152 --- [http-nio-8081-exec-5] c.h.i.m.ItemMapper.selectPage_mpCount    : <==      Total: 1
16:24:51:610 DEBUG 20152 --- [http-nio-8081-exec-5] c.h.item.mapper.ItemMapper.selectPage    : ==>  Preparing: SELECT id, name, price, stock, image, category, brand, spec, sold, comment_count, isAD, status, create_time, update_time, creater, updater FROM item ORDER BY update_time DESC LIMIT ?
16:24:51:611 DEBUG 20152 --- [http-nio-8081-exec-5] c.h.item.mapper.ItemMapper.selectPage    : ==> Parameters: 20(Long)
16:24:51:624 DEBUG 20152 --- [http-nio-8081-exec-5] c.h.item.mapper.ItemMapper.selectPage    : <==      Total: 20
